0 info it worked if it ends with ok
1 verbose cli [ '/Users/xafar/.nvm/versions/node/v5.5.0/bin/node',
1 verbose cli   '/Users/xafar/.nvm/versions/node/v5.5.0/bin/npm',
1 verbose cli   'run',
1 verbose cli   'ev' ]
2 info using npm@3.3.12
3 info using node@v5.5.0
4 verbose stack Error: missing script: ev
4 verbose stack     at run (/Users/xafar/.nvm/versions/node/v5.5.0/lib/node_modules/npm/lib/run-script.js:147:19)
4 verbose stack     at /Users/xafar/.nvm/versions/node/v5.5.0/lib/node_modules/npm/lib/run-script.js:57:5
4 verbose stack     at /Users/xafar/.nvm/versions/node/v5.5.0/lib/node_modules/npm/node_modules/read-package-json/read-json.js:345:5
4 verbose stack     at checkBinReferences_ (/Users/xafar/.nvm/versions/node/v5.5.0/lib/node_modules/npm/node_modules/read-package-json/read-json.js:309:45)
4 verbose stack     at final (/Users/xafar/.nvm/versions/node/v5.5.0/lib/node_modules/npm/node_modules/read-package-json/read-json.js:343:3)
4 verbose stack     at then (/Users/xafar/.nvm/versions/node/v5.5.0/lib/node_modules/npm/node_modules/read-package-json/read-json.js:113:5)
4 verbose stack     at /Users/xafar/.nvm/versions/node/v5.5.0/lib/node_modules/npm/node_modules/read-package-json/read-json.js:300:12
4 verbose stack     at /Users/xafar/.nvm/versions/node/v5.5.0/lib/node_modules/npm/node_modules/graceful-fs/graceful-fs.js:76:16
4 verbose stack     at tryToString (fs.js:414:3)
4 verbose stack     at FSReqWrap.readFileAfterClose [as oncomplete] (fs.js:401:12)
5 verbose cwd /Users/xafar/Documents/Projects/eSchedule/eSchedule
6 error Darwin 16.1.0
7 error argv "/Users/xafar/.nvm/versions/node/v5.5.0/bin/node" "/Users/xafar/.nvm/versions/node/v5.5.0/bin/npm" "run" "ev"
8 error node v5.5.0
9 error npm  v3.3.12
10 error missing script: ev
11 error If you need help, you may report this error at:
11 error     <https://github.com/npm/npm/issues>
12 verbose exit [ 1, true ]
